2024-09-21 09:38:51 [restartedMain] INFO  c.w.TimeTrackingServiceApplication - Starting TimeTrackingServiceApplication using Java 22.0.2 with PID 11900 (C:\Users\Administrator\eclipse-workspace\Capstone Project\time-tracking-service\target\classes started by Administrator in C:\Users\Administrator\eclipse-workspace\Capstone Project\time-tracking-service)
2024-09-21 09:38:51 [restartedMain] INFO  c.w.TimeTrackingServiceApplication - No active profile set, falling back to 1 default profile: "default"
2024-09-21 09:38:51 [restartedMain] INFO  o.s.b.d.e.DevToolsPropertyDefaultsPostProcessor - Devtools property defaults active! Set 'spring.devtools.add-properties' to 'false' to disable
2024-09-21 09:38:51 [restartedMain] INFO  o.s.b.d.e.DevToolsPropertyDefaultsPostProcessor - For additional web related logging consider setting the 'logging.level.web' property to 'DEBUG'
2024-09-21 09:38:54 [restartedMain] INFO  o.s.d.r.c.RepositoryConfigurationDelegate - Bootstrapping Spring Data JPA repositories in DEFAULT mode.
2024-09-21 09:38:54 [restartedMain] INFO  o.s.d.r.c.RepositoryConfigurationDelegate - Finished Spring Data repository scanning in 355 ms. Found 1 JPA repository interface.
2024-09-21 09:38:55 [restartedMain] INFO  o.s.cloud.context.scope.GenericScope - BeanFactory id=bf1e6e3d-2d8e-3c7a-8431-e606bf1b7879
2024-09-21 09:38:56 [restartedMain] WARN  o.s.c.s.PostProcessorRegistrationDelegate$BeanPostProcessorChecker - Bean 'org.springframework.cloud.client.loadbalancer.LoadBalancerAutoConfiguration$DeferringLoadBalancerInterceptorConfig' of type [org.springframework.cloud.client.loadbalancer.LoadBalancerAutoConfiguration$DeferringLoadBalancerInterceptorConfig] is not eligible for getting processed by all BeanPostProcessors (for example: not eligible for auto-proxying). The currently created BeanPostProcessor [lbRestClientPostProcessor] is declared through a non-static factory method on that class; consider declaring it as static instead.
2024-09-21 09:38:56 [restartedMain] WARN  o.s.c.s.PostProcessorRegistrationDelegate$BeanPostProcessorChecker - Bean 'deferringLoadBalancerInterceptor' of type [org.springframework.cloud.client.loadbalancer.DeferringLoadBalancerInterceptor] is not eligible for getting processed by all BeanPostProcessors (for example: not eligible for auto-proxying). Is this bean getting eagerly injected into a currently created BeanPostProcessor [lbRestClientPostProcessor]? Check the corresponding BeanPostProcessor declaration and its dependencies.
2024-09-21 09:38:57 [restartedMain] INFO  o.s.b.w.e.tomcat.TomcatWebServer - Tomcat initialized with port 8083 (http)
2024-09-21 09:38:57 [restartedMain] INFO  o.a.catalina.core.StandardService - Starting service [Tomcat]
2024-09-21 09:38:57 [restartedMain] INFO  o.a.catalina.core.StandardEngine - Starting Servlet engine: [Apache Tomcat/10.1.28]
2024-09-21 09:38:57 [restartedMain] INFO  o.a.c.c.C.[.[localhost].[/api/v1] - Initializing Spring embedded WebApplicationContext
2024-09-21 09:38:57 [restartedMain] INFO  o.s.b.w.s.c.ServletWebServerApplicationContext - Root WebApplicationContext: initialization completed in 5666 ms
2024-09-21 09:38:58 [restartedMain] INFO  o.h.jpa.internal.util.LogHelper - HHH000204: Processing PersistenceUnitInfo [name: default]
2024-09-21 09:38:58 [restartedMain] INFO  org.hibernate.Version - HHH000412: Hibernate ORM core version 6.5.2.Final
2024-09-21 09:38:58 [restartedMain] INFO  o.h.c.i.RegionFactoryInitiator - HHH000026: Second-level cache disabled
2024-09-21 09:38:59 [restartedMain] INFO  o.s.o.j.p.SpringPersistenceUnitInfo - No LoadTimeWeaver setup: ignoring JPA class transformer
2024-09-21 09:38:59 [restartedMain] INFO  com.zaxxer.hikari.HikariDataSource - HikariPool-1 - Starting...
2024-09-21 09:39:00 [restartedMain] INFO  com.zaxxer.hikari.pool.HikariPool - HikariPool-1 - Added connection com.mysql.cj.jdbc.ConnectionImpl@6e7a50a8
2024-09-21 09:39:00 [restartedMain] INFO  com.zaxxer.hikari.HikariDataSource - HikariPool-1 - Start completed.
2024-09-21 09:39:00 [restartedMain] WARN  org.hibernate.orm.deprecation - HHH90000025: MySQLDialect does not need to be specified explicitly using 'hibernate.dialect' (remove the property setting and it will be selected by default)
2024-09-21 09:39:01 [restartedMain] INFO  o.h.e.t.j.p.i.JtaPlatformInitiator - HHH000489: No JTA platform available (set 'hibernate.transaction.jta.platform' to enable JTA platform integration)
2024-09-21 09:39:01 [restartedMain] INFO  o.s.o.j.LocalContainerEntityManagerFactoryBean - Initialized JPA EntityManagerFactory for persistence unit 'default'
2024-09-21 09:39:02 [restartedMain] INFO  o.s.d.j.r.query.QueryEnhancerFactory - Hibernate is in classpath; If applicable, HQL parser will be used.
2024-09-21 09:39:03 [restartedMain] WARN  o.s.b.a.o.j.JpaBaseConfiguration$JpaWebConfiguration - spring.jpa.open-in-view is enabled by default. Therefore, database queries may be performed during view rendering. Explicitly configure spring.jpa.open-in-view to disable this warning
2024-09-21 09:39:03 [restartedMain] WARN  o.s.b.a.s.s.UserDetailsServiceAutoConfiguration - 

Using generated security password: 9b1e92b8-dd92-40a9-ad4c-39b1bb2bd187

This generated password is for development use only. Your security configuration must be updated before running your application in production.

2024-09-21 09:39:03 [restartedMain] INFO  o.s.s.c.a.a.c.InitializeUserDetailsBeanManagerConfigurer$InitializeUserDetailsManagerConfigurer - Global AuthenticationManager configured with UserDetailsService bean with name inMemoryUserDetailsManager
2024-09-21 09:39:05 [restartedMain] WARN  o.s.b.d.a.OptionalLiveReloadServer - Unable to start LiveReload server
2024-09-21 09:39:05 [restartedMain] INFO  o.s.c.n.e.c.DiscoveryClientOptionalArgsConfiguration - Eureka HTTP Client uses RestTemplate.
2024-09-21 09:39:05 [restartedMain] WARN  o.s.c.l.c.LoadBalancerCacheAutoConfiguration$LoadBalancerCaffeineWarnLogger - Spring Cloud LoadBalancer is currently working with the default cache. While this cache implementation is useful for development and tests, it's recommended to use Caffeine cache in production.You can switch to using Caffeine cache, by adding it and org.springframework.cache.caffeine.CaffeineCacheManager to the classpath.
2024-09-21 09:39:05 [restartedMain] INFO  o.s.c.n.eureka.InstanceInfoFactory - Setting initial instance status as: STARTING
2024-09-21 09:39:05 [restartedMain] INFO  c.netflix.discovery.DiscoveryClient - Initializing Eureka in region us-east-1
2024-09-21 09:39:05 [restartedMain] INFO  c.n.d.s.r.aws.ConfigClusterResolver - Resolving eureka endpoints via configuration
2024-09-21 09:39:05 [restartedMain] INFO  c.netflix.discovery.DiscoveryClient - Disable delta property : false
2024-09-21 09:39:05 [restartedMain] INFO  c.netflix.discovery.DiscoveryClient - Single vip registry refresh property : null
2024-09-21 09:39:05 [restartedMain] INFO  c.netflix.discovery.DiscoveryClient - Force full registry fetch : false
2024-09-21 09:39:05 [restartedMain] INFO  c.netflix.discovery.DiscoveryClient - Application is null : false
2024-09-21 09:39:05 [restartedMain] INFO  c.netflix.discovery.DiscoveryClient - Registered Applications size is zero : true
2024-09-21 09:39:05 [restartedMain] INFO  c.netflix.discovery.DiscoveryClient - Application version is -1: true
2024-09-21 09:39:05 [restartedMain] INFO  c.netflix.discovery.DiscoveryClient - Getting all instance registry info from the eureka server
2024-09-21 09:39:06 [restartedMain] INFO  c.netflix.discovery.DiscoveryClient - The response status is 200
2024-09-21 09:39:06 [restartedMain] INFO  c.netflix.discovery.DiscoveryClient - Starting heartbeat executor: renew interval is: 30
2024-09-21 09:39:06 [restartedMain] INFO  c.n.discovery.InstanceInfoReplicator - InstanceInfoReplicator onDemand update allowed rate per min is 4
2024-09-21 09:39:06 [restartedMain] INFO  c.netflix.discovery.DiscoveryClient - Discovery Client initialized at timestamp 1726891746314 with initial instances count: 3
2024-09-21 09:39:06 [restartedMain] INFO  o.s.c.n.e.s.EurekaServiceRegistry - Registering application TIME-TRACKING-SERVICE with eureka with status UP
2024-09-21 09:39:06 [restartedMain] INFO  c.netflix.discovery.DiscoveryClient - Saw local status change event StatusChangeEvent [timestamp=1726891746323, current=UP, previous=STARTING]
2024-09-21 09:39:06 [DiscoveryClient-InstanceInfoReplicator-%d] INFO  c.netflix.discovery.DiscoveryClient - DiscoveryClient_TIME-TRACKING-SERVICE/192.168.1.195:time-tracking-service:8083: registering service...
2024-09-21 09:39:06 [restartedMain] INFO  o.s.b.w.e.tomcat.TomcatWebServer - Tomcat started on port 8083 (http) with context path '/api/v1'
2024-09-21 09:39:06 [restartedMain] INFO  o.s.c.n.e.s.EurekaAutoServiceRegistration - Updating port to 8083
2024-09-21 09:39:06 [restartedMain] INFO  c.w.TimeTrackingServiceApplication - Started TimeTrackingServiceApplication in 15.911 seconds (process running for 18.566)
2024-09-21 09:39:06 [DiscoveryClient-InstanceInfoReplicator-%d] INFO  c.netflix.discovery.DiscoveryClient - DiscoveryClient_TIME-TRACKING-SERVICE/192.168.1.195:time-tracking-service:8083 - registration status: 204
2024-09-21 09:41:18 [http-nio-8083-exec-1] INFO  o.a.c.c.C.[.[localhost].[/api/v1] - Initializing Spring DispatcherServlet 'dispatcherServlet'
2024-09-21 09:41:18 [http-nio-8083-exec-1] INFO  o.s.web.servlet.DispatcherServlet - Initializing Servlet 'dispatcherServlet'
2024-09-21 09:41:18 [http-nio-8083-exec-1] INFO  o.s.web.servlet.DispatcherServlet - Completed initialization in 5 ms
2024-09-21 09:44:05 [AsyncResolver-bootstrap-executor-%d] INFO  c.n.d.s.r.aws.ConfigClusterResolver - Resolving eureka endpoints via configuration
2024-09-21 09:49:05 [AsyncResolver-bootstrap-executor-%d] INFO  c.n.d.s.r.aws.ConfigClusterResolver - Resolving eureka endpoints via configuration
2024-09-21 09:54:05 [AsyncResolver-bootstrap-executor-%d] INFO  c.n.d.s.r.aws.ConfigClusterResolver - Resolving eureka endpoints via configuration
2024-09-21 09:54:59 [http-nio-8083-exec-3] ERROR com.wipro.aspect.TimeAspect - Error in TimeRestController.generateAttendanceReport(..): Invalid employee ID.
2024-09-21 09:54:59 [http-nio-8083-exec-4] ERROR com.wipro.aspect.TimeAspect - Error in TimeRestController.generateAttendanceReport(..): Invalid employee ID.
2024-09-21 09:54:59 [http-nio-8083-exec-5] ERROR com.wipro.aspect.TimeAspect - Error in TimeRestController.generateAttendanceReport(..): Invalid employee ID.
2024-09-21 09:54:59 [http-nio-8083-exec-3] ERROR c.w.exception.GlobalExceptionHandler - Exception: Invalid employee ID.
2024-09-21 09:54:59 [http-nio-8083-exec-4] ERROR c.w.exception.GlobalExceptionHandler - Exception: Invalid employee ID.
2024-09-21 09:54:59 [http-nio-8083-exec-5] ERROR c.w.exception.GlobalExceptionHandler - Exception: Invalid employee ID.
2024-09-21 09:54:59 [http-nio-8083-exec-3] WARN  o.s.w.s.m.m.a.ExceptionHandlerExceptionResolver - Resolved [java.lang.RuntimeException: Invalid employee ID.]
2024-09-21 09:54:59 [http-nio-8083-exec-4] WARN  o.s.w.s.m.m.a.ExceptionHandlerExceptionResolver - Resolved [java.lang.RuntimeException: Invalid employee ID.]
2024-09-21 09:54:59 [http-nio-8083-exec-5] WARN  o.s.w.s.m.m.a.ExceptionHandlerExceptionResolver - Resolved [java.lang.RuntimeException: Invalid employee ID.]
2024-09-21 09:54:59 [http-nio-8083-exec-8] ERROR com.wipro.aspect.TimeAspect - Error in TimeRestController.generateAttendanceReport(..): Invalid employee ID.
2024-09-21 09:54:59 [http-nio-8083-exec-7] ERROR com.wipro.aspect.TimeAspect - Error in TimeRestController.generateAttendanceReport(..): Invalid employee ID.
2024-09-21 09:54:59 [http-nio-8083-exec-6] ERROR com.wipro.aspect.TimeAspect - Error in TimeRestController.generateAttendanceReport(..): Invalid employee ID.
2024-09-21 09:54:59 [http-nio-8083-exec-7] ERROR c.w.exception.GlobalExceptionHandler - Exception: Invalid employee ID.
2024-09-21 09:54:59 [http-nio-8083-exec-8] ERROR c.w.exception.GlobalExceptionHandler - Exception: Invalid employee ID.
2024-09-21 09:54:59 [http-nio-8083-exec-6] ERROR c.w.exception.GlobalExceptionHandler - Exception: Invalid employee ID.
2024-09-21 09:54:59 [http-nio-8083-exec-8] WARN  o.s.w.s.m.m.a.ExceptionHandlerExceptionResolver - Resolved [java.lang.RuntimeException: Invalid employee ID.]
2024-09-21 09:54:59 [http-nio-8083-exec-6] WARN  o.s.w.s.m.m.a.ExceptionHandlerExceptionResolver - Resolved [java.lang.RuntimeException: Invalid employee ID.]
2024-09-21 09:54:59 [http-nio-8083-exec-7] WARN  o.s.w.s.m.m.a.ExceptionHandlerExceptionResolver - Resolved [java.lang.RuntimeException: Invalid employee ID.]
2024-09-21 09:54:59 [http-nio-8083-exec-1] ERROR com.wipro.aspect.TimeAspect - Error in TimeRestController.generateAttendanceReport(..): Invalid employee ID.
2024-09-21 09:54:59 [http-nio-8083-exec-1] ERROR c.w.exception.GlobalExceptionHandler - Exception: Invalid employee ID.
2024-09-21 09:54:59 [http-nio-8083-exec-1] WARN  o.s.w.s.m.m.a.ExceptionHandlerExceptionResolver - Resolved [java.lang.RuntimeException: Invalid employee ID.]
2024-09-21 09:54:59 [http-nio-8083-exec-9] ERROR com.wipro.aspect.TimeAspect - Error in TimeRestController.generateAttendanceReport(..): Invalid employee ID.
2024-09-21 09:54:59 [http-nio-8083-exec-9] ERROR c.w.exception.GlobalExceptionHandler - Exception: Invalid employee ID.
2024-09-21 09:54:59 [http-nio-8083-exec-10] ERROR com.wipro.aspect.TimeAspect - Error in TimeRestController.generateAttendanceReport(..): Invalid employee ID.
2024-09-21 09:54:59 [http-nio-8083-exec-10] ERROR c.w.exception.GlobalExceptionHandler - Exception: Invalid employee ID.
2024-09-21 09:54:59 [http-nio-8083-exec-10] WARN  o.s.w.s.m.m.a.ExceptionHandlerExceptionResolver - Resolved [java.lang.RuntimeException: Invalid employee ID.]
2024-09-21 09:54:59 [http-nio-8083-exec-9] WARN  o.s.w.s.m.m.a.ExceptionHandlerExceptionResolver - Resolved [java.lang.RuntimeException: Invalid employee ID.]
2024-09-21 09:59:05 [AsyncResolver-bootstrap-executor-%d] INFO  c.n.d.s.r.aws.ConfigClusterResolver - Resolving eureka endpoints via configuration
2024-09-21 10:03:38 [http-nio-8083-exec-1] ERROR com.wipro.aspect.TimeAspect - Error in TimeRestController.clockOut(..): Query did not return a unique result: 2 results were returned
2024-09-21 10:03:38 [http-nio-8083-exec-1] ERROR c.w.exception.GlobalExceptionHandler - Exception: Query did not return a unique result: 2 results were returned
2024-09-21 10:03:38 [http-nio-8083-exec-1] WARN  o.s.w.s.m.m.a.ExceptionHandlerExceptionResolver - Resolved [org.springframework.dao.IncorrectResultSizeDataAccessException: Query did not return a unique result: 2 results were returned]
2024-09-21 10:03:38 [http-nio-8083-exec-10] ERROR com.wipro.aspect.TimeAspect - Error in TimeRestController.clockOut(..): Query did not return a unique result: 2 results were returned
2024-09-21 10:03:38 [http-nio-8083-exec-10] ERROR c.w.exception.GlobalExceptionHandler - Exception: Query did not return a unique result: 2 results were returned
2024-09-21 10:03:38 [http-nio-8083-exec-10] WARN  o.s.w.s.m.m.a.ExceptionHandlerExceptionResolver - Resolved [org.springframework.dao.IncorrectResultSizeDataAccessException: Query did not return a unique result: 2 results were returned]
2024-09-21 10:03:38 [http-nio-8083-exec-9] ERROR com.wipro.aspect.TimeAspect - Error in TimeRestController.clockOut(..): Query did not return a unique result: 2 results were returned
2024-09-21 10:03:38 [http-nio-8083-exec-9] ERROR c.w.exception.GlobalExceptionHandler - Exception: Query did not return a unique result: 2 results were returned
2024-09-21 10:03:38 [http-nio-8083-exec-9] WARN  o.s.w.s.m.m.a.ExceptionHandlerExceptionResolver - Resolved [org.springframework.dao.IncorrectResultSizeDataAccessException: Query did not return a unique result: 2 results were returned]
2024-09-21 10:03:40 [http-nio-8083-exec-2] ERROR com.wipro.aspect.TimeAspect - Error in TimeRestController.clockOut(..): Query did not return a unique result: 2 results were returned
2024-09-21 10:03:40 [http-nio-8083-exec-2] ERROR c.w.exception.GlobalExceptionHandler - Exception: Query did not return a unique result: 2 results were returned
2024-09-21 10:03:40 [http-nio-8083-exec-2] WARN  o.s.w.s.m.m.a.ExceptionHandlerExceptionResolver - Resolved [org.springframework.dao.IncorrectResultSizeDataAccessException: Query did not return a unique result: 2 results were returned]
2024-09-21 10:03:40 [http-nio-8083-exec-3] ERROR com.wipro.aspect.TimeAspect - Error in TimeRestController.clockOut(..): Query did not return a unique result: 2 results were returned
2024-09-21 10:03:40 [http-nio-8083-exec-3] ERROR c.w.exception.GlobalExceptionHandler - Exception: Query did not return a unique result: 2 results were returned
2024-09-21 10:03:40 [http-nio-8083-exec-3] WARN  o.s.w.s.m.m.a.ExceptionHandlerExceptionResolver - Resolved [org.springframework.dao.IncorrectResultSizeDataAccessException: Query did not return a unique result: 2 results were returned]
2024-09-21 10:03:40 [http-nio-8083-exec-4] ERROR com.wipro.aspect.TimeAspect - Error in TimeRestController.clockOut(..): Query did not return a unique result: 2 results were returned
2024-09-21 10:03:40 [http-nio-8083-exec-4] ERROR c.w.exception.GlobalExceptionHandler - Exception: Query did not return a unique result: 2 results were returned
2024-09-21 10:03:40 [http-nio-8083-exec-4] WARN  o.s.w.s.m.m.a.ExceptionHandlerExceptionResolver - Resolved [org.springframework.dao.IncorrectResultSizeDataAccessException: Query did not return a unique result: 2 results were returned]
2024-09-21 10:03:41 [http-nio-8083-exec-5] ERROR com.wipro.aspect.TimeAspect - Error in TimeRestController.clockOut(..): Query did not return a unique result: 2 results were returned
2024-09-21 10:03:41 [http-nio-8083-exec-5] ERROR c.w.exception.GlobalExceptionHandler - Exception: Query did not return a unique result: 2 results were returned
2024-09-21 10:03:41 [http-nio-8083-exec-5] WARN  o.s.w.s.m.m.a.ExceptionHandlerExceptionResolver - Resolved [org.springframework.dao.IncorrectResultSizeDataAccessException: Query did not return a unique result: 2 results were returned]
2024-09-21 10:03:41 [http-nio-8083-exec-8] ERROR com.wipro.aspect.TimeAspect - Error in TimeRestController.clockOut(..): Query did not return a unique result: 2 results were returned
2024-09-21 10:03:41 [http-nio-8083-exec-8] ERROR c.w.exception.GlobalExceptionHandler - Exception: Query did not return a unique result: 2 results were returned
2024-09-21 10:03:41 [http-nio-8083-exec-8] WARN  o.s.w.s.m.m.a.ExceptionHandlerExceptionResolver - Resolved [org.springframework.dao.IncorrectResultSizeDataAccessException: Query did not return a unique result: 2 results were returned]
2024-09-21 10:03:41 [http-nio-8083-exec-6] ERROR com.wipro.aspect.TimeAspect - Error in TimeRestController.clockOut(..): Query did not return a unique result: 2 results were returned
2024-09-21 10:03:41 [http-nio-8083-exec-6] ERROR c.w.exception.GlobalExceptionHandler - Exception: Query did not return a unique result: 2 results were returned
2024-09-21 10:03:41 [http-nio-8083-exec-6] WARN  o.s.w.s.m.m.a.ExceptionHandlerExceptionResolver - Resolved [org.springframework.dao.IncorrectResultSizeDataAccessException: Query did not return a unique result: 2 results were returned]
2024-09-21 10:03:41 [http-nio-8083-exec-7] ERROR com.wipro.aspect.TimeAspect - Error in TimeRestController.clockOut(..): Query did not return a unique result: 2 results were returned
2024-09-21 10:03:41 [http-nio-8083-exec-7] ERROR c.w.exception.GlobalExceptionHandler - Exception: Query did not return a unique result: 2 results were returned
2024-09-21 10:03:41 [http-nio-8083-exec-7] WARN  o.s.w.s.m.m.a.ExceptionHandlerExceptionResolver - Resolved [org.springframework.dao.IncorrectResultSizeDataAccessException: Query did not return a unique result: 2 results were returned]
2024-09-21 10:03:41 [http-nio-8083-exec-1] ERROR com.wipro.aspect.TimeAspect - Error in TimeRestController.clockOut(..): Query did not return a unique result: 2 results were returned
2024-09-21 10:03:41 [http-nio-8083-exec-1] ERROR c.w.exception.GlobalExceptionHandler - Exception: Query did not return a unique result: 2 results were returned
2024-09-21 10:03:41 [http-nio-8083-exec-1] WARN  o.s.w.s.m.m.a.ExceptionHandlerExceptionResolver - Resolved [org.springframework.dao.IncorrectResultSizeDataAccessException: Query did not return a unique result: 2 results were returned]
2024-09-21 10:03:41 [http-nio-8083-exec-10] ERROR com.wipro.aspect.TimeAspect - Error in TimeRestController.clockOut(..): Query did not return a unique result: 2 results were returned
2024-09-21 10:03:41 [http-nio-8083-exec-10] ERROR c.w.exception.GlobalExceptionHandler - Exception: Query did not return a unique result: 2 results were returned
2024-09-21 10:03:41 [http-nio-8083-exec-10] WARN  o.s.w.s.m.m.a.ExceptionHandlerExceptionResolver - Resolved [org.springframework.dao.IncorrectResultSizeDataAccessException: Query did not return a unique result: 2 results were returned]
2024-09-21 10:03:42 [http-nio-8083-exec-9] ERROR com.wipro.aspect.TimeAspect - Error in TimeRestController.clockOut(..): Query did not return a unique result: 2 results were returned
2024-09-21 10:03:42 [http-nio-8083-exec-9] ERROR c.w.exception.GlobalExceptionHandler - Exception: Query did not return a unique result: 2 results were returned
2024-09-21 10:03:42 [http-nio-8083-exec-9] WARN  o.s.w.s.m.m.a.ExceptionHandlerExceptionResolver - Resolved [org.springframework.dao.IncorrectResultSizeDataAccessException: Query did not return a unique result: 2 results were returned]
2024-09-21 10:03:42 [http-nio-8083-exec-2] ERROR com.wipro.aspect.TimeAspect - Error in TimeRestController.clockOut(..): Query did not return a unique result: 2 results were returned
2024-09-21 10:03:42 [http-nio-8083-exec-2] ERROR c.w.exception.GlobalExceptionHandler - Exception: Query did not return a unique result: 2 results were returned
2024-09-21 10:03:42 [http-nio-8083-exec-2] WARN  o.s.w.s.m.m.a.ExceptionHandlerExceptionResolver - Resolved [org.springframework.dao.IncorrectResultSizeDataAccessException: Query did not return a unique result: 2 results were returned]
2024-09-21 10:03:42 [http-nio-8083-exec-3] ERROR com.wipro.aspect.TimeAspect - Error in TimeRestController.clockOut(..): Query did not return a unique result: 2 results were returned
2024-09-21 10:03:42 [http-nio-8083-exec-3] ERROR c.w.exception.GlobalExceptionHandler - Exception: Query did not return a unique result: 2 results were returned
2024-09-21 10:03:42 [http-nio-8083-exec-3] WARN  o.s.w.s.m.m.a.ExceptionHandlerExceptionResolver - Resolved [org.springframework.dao.IncorrectResultSizeDataAccessException: Query did not return a unique result: 2 results were returned]
2024-09-21 10:04:05 [AsyncResolver-bootstrap-executor-%d] INFO  c.n.d.s.r.aws.ConfigClusterResolver - Resolving eureka endpoints via configuration
2024-09-21 10:06:01 [RMI TCP Connection(38)-127.0.0.1] INFO  o.s.b.a.SpringApplicationAdminMXBeanRegistrar$SpringApplicationAdmin - Application shutdown requested.
2024-09-21 10:06:01 [RMI TCP Connection(38)-127.0.0.1] INFO  o.s.c.n.e.s.EurekaServiceRegistry - Unregistering application TIME-TRACKING-SERVICE with eureka with status DOWN
2024-09-21 10:06:01 [RMI TCP Connection(38)-127.0.0.1] INFO  c.netflix.discovery.DiscoveryClient - Saw local status change event StatusChangeEvent [timestamp=1726893361710, current=DOWN, previous=UP]
2024-09-21 10:06:01 [DiscoveryClient-InstanceInfoReplicator-%d] INFO  c.netflix.discovery.DiscoveryClient - DiscoveryClient_TIME-TRACKING-SERVICE/192.168.1.195:time-tracking-service:8083: registering service...
2024-09-21 10:06:01 [DiscoveryClient-InstanceInfoReplicator-%d] INFO  c.netflix.discovery.DiscoveryClient - DiscoveryClient_TIME-TRACKING-SERVICE/192.168.1.195:time-tracking-service:8083 - registration status: 204
2024-09-21 10:06:01 [RMI TCP Connection(38)-127.0.0.1] INFO  o.s.o.j.LocalContainerEntityManagerFactoryBean - Closing JPA EntityManagerFactory for persistence unit 'default'
2024-09-21 10:06:01 [RMI TCP Connection(38)-127.0.0.1] INFO  com.zaxxer.hikari.HikariDataSource - HikariPool-1 - Shutdown initiated...
2024-09-21 10:06:01 [RMI TCP Connection(38)-127.0.0.1] INFO  com.zaxxer.hikari.HikariDataSource - HikariPool-1 - Shutdown completed.
2024-09-21 10:06:01 [RMI TCP Connection(38)-127.0.0.1] INFO  c.netflix.discovery.DiscoveryClient - Shutting down DiscoveryClient ...
